<?xml version="1.0" encoding="UTF-8"?>
<!-- Generated by org.testng.reporters.JUnitReportReporter -->
<testsuite hostname="LAPTOP-2R8LRORQ" failures="0" tests="1" name="dayOne.testngex" time="0.050" errors="0" timestamp="2022-01-03T23:53:37 EST" skipped="0">
  <testcase classname="dayOne.testngex" name="googleTtileTest" time="0.050"/>
  <system-out/>
</testsuite> <!-- dayOne.testngex -->
